Flow report for actividad05
Tue Feb 18 16:47:18 2020
Quartus Prime Version 19.1.0 Build 670 09/22/2019 SJ Lite Edition


---------------------
; Table of Contents ;
---------------------
  1. Legal Notice
  2. Flow Summary
  3. Flow Settings
  4. Flow Non-Default Global Settings
  5. Flow Elapsed Time
  6. Flow OS Summary
  7. Flow Log
  8. Flow Messages
  9. Flow Suppressed Messages



----------------
; Legal Notice ;
----------------
Copyright (C) 2019  Intel Corporation. All rights reserved.
Your use of Intel Corporation's design tools, logic functions 
and other software and tools, and any partner logic 
functions, and any output files from any of the foregoing 
(including device programming or simulation files), and any 
associated documentation or information are expressly subject 
to the terms and conditions of the Intel Program License 
Subscription Agreement, the Intel Quartus Prime License Agreement,
the Intel FPGA IP License Agreement, or other applicable license
agreement, including, without limitation, that your use is for
the sole purpose of programming logic devices manufactured by
Intel and sold by Intel or its authorized distributors.  Please
refer to the applicable agreement for further details, at
https://fpgasoftware.intel.com/eula.



+---------------------------------------------------------------------+
; Flow Summary                                                        ;
+-----------------------+---------------------------------------------+
; Flow Status           ; Successful - Tue Feb 18 16:47:18 2020       ;
; Quartus Prime Version ; 19.1.0 Build 670 09/22/2019 SJ Lite Edition ;
; Revision Name         ; actividad05                                 ;
; Top-level Entity Name ; actividad05                                 ;
; Family                ; MAX V                                       ;
; Total logic elements  ; 26 / 570 ( 5 % )                            ;
; Total pins            ; 100 / 159 ( 63 % )                          ;
; Total virtual pins    ; 0                                           ;
; UFM blocks            ; 0 / 1 ( 0 % )                               ;
; Device                ; 5M570ZF256C4                                ;
; Timing Models         ; Final                                       ;
+-----------------------+---------------------------------------------+


+-----------------------------------------+
; Flow Settings                           ;
+-------------------+---------------------+
; Option            ; Setting             ;
+-------------------+---------------------+
; Start date & time ; 02/18/2020 16:47:01 ;
; Main task         ; Compilation         ;
; Revision Name     ; actividad05         ;
+-------------------+---------------------+


+------------------------------------------------------------------------------------------------------------------------------------------+
; Flow Non-Default Global Settings                                                                                                         ;
+--------------------------------------+---------------------------------+---------------+-------------+-----------------------------------+
; Assignment Name                      ; Value                           ; Default Value ; Entity Name ; Section Id                        ;
+--------------------------------------+---------------------------------+---------------+-------------+-----------------------------------+
; COMPILER_SIGNATURE_ID                ; 193904264866843.158206602116719 ; --            ; --          ; --                                ;
; EDA_DESIGN_INSTANCE_NAME             ; NA                              ; --            ; --          ; multiplicacion_tb                 ;
; EDA_DESIGN_INSTANCE_NAME             ; NA                              ; --            ; --          ; resta_tb                          ;
; EDA_DESIGN_INSTANCE_NAME             ; NA                              ; --            ; --          ; actividad05_tb                    ;
; EDA_DESIGN_INSTANCE_NAME             ; NA                              ; --            ; --          ; suma_tb                           ;
; EDA_GENERATE_FUNCTIONAL_NETLIST      ; Off                             ; --            ; --          ; eda_board_design_timing           ;
; EDA_GENERATE_FUNCTIONAL_NETLIST      ; Off                             ; --            ; --          ; eda_board_design_boundary_scan    ;
; EDA_GENERATE_FUNCTIONAL_NETLIST      ; Off                             ; --            ; --          ; eda_board_design_signal_integrity ;
; EDA_GENERATE_FUNCTIONAL_NETLIST      ; Off                             ; --            ; --          ; eda_board_design_symbol           ;
; EDA_NATIVELINK_SIMULATION_TEST_BENCH ; actividad05_tb                  ; --            ; --          ; eda_simulation                    ;
; EDA_OUTPUT_DATA_FORMAT               ; Verilog Hdl                     ; --            ; --          ; eda_simulation                    ;
; EDA_SIMULATION_TOOL                  ; ModelSim-Altera (Verilog)       ; <None>        ; --          ; --                                ;
; EDA_TEST_BENCH_ENABLE_STATUS         ; TEST_BENCH_MODE                 ; --            ; --          ; eda_simulation                    ;
; EDA_TEST_BENCH_FILE                  ; multiplicacion_tb.v             ; --            ; --          ; multiplicacion_tb                 ;
; EDA_TEST_BENCH_FILE                  ; resta_tb.v                      ; --            ; --          ; resta_tb                          ;
; EDA_TEST_BENCH_FILE                  ; actividad05_tb.v                ; --            ; --          ; actividad05_tb                    ;
; EDA_TEST_BENCH_FILE                  ; suma_tb.v                       ; --            ; --          ; suma_tb                           ;
; EDA_TEST_BENCH_MODULE_NAME           ; multiplicacion_tb               ; --            ; --          ; multiplicacion_tb                 ;
; EDA_TEST_BENCH_MODULE_NAME           ; resta_tb                        ; --            ; --          ; resta_tb                          ;
; EDA_TEST_BENCH_MODULE_NAME           ; actividad05_tb                  ; --            ; --          ; actividad05_tb                    ;
; EDA_TEST_BENCH_MODULE_NAME           ; suma_tb                         ; --            ; --          ; suma_tb                           ;
; EDA_TEST_BENCH_NAME                  ; suma_tb                         ; --            ; --          ; eda_simulation                    ;
; EDA_TEST_BENCH_NAME                  ; resta_tb                        ; --            ; --          ; eda_simulation                    ;
; EDA_TEST_BENCH_NAME                  ; multiplicacion_tb               ; --            ; --          ; eda_simulation                    ;
; EDA_TEST_BENCH_NAME                  ; actividad05_tb                  ; --            ; --          ; eda_simulation                    ;
; EDA_TIME_SCALE                       ; 1 ps                            ; --            ; --          ; eda_simulation                    ;
; PROJECT_OUTPUT_DIRECTORY             ; output_files                    ; --            ; --          ; --                                ;
+--------------------------------------+---------------------------------+---------------+-------------+-----------------------------------+


+--------------------------------------------------------------------------------------------------------------------------+
; Flow Elapsed Time                                                                                                        ;
+----------------------+--------------+-------------------------+---------------------+------------------------------------+
; Module Name          ; Elapsed Time ; Average Processors Used ; Peak Virtual Memory ; Total CPU Time (on all processors) ;
+----------------------+--------------+-------------------------+---------------------+------------------------------------+
; Analysis & Synthesis ; 00:00:10     ; 1.0                     ; 903 MB              ; 00:00:23                           ;
; Fitter               ; 00:00:02     ; 1.0                     ; 1088 MB             ; 00:00:02                           ;
; Assembler            ; 00:00:01     ; 1.0                     ; 812 MB              ; 00:00:01                           ;
; Timing Analyzer      ; 00:00:01     ; 1.0                     ; 733 MB              ; 00:00:01                           ;
; EDA Netlist Writer   ; 00:00:00     ; 1.0                     ; 1034 MB             ; 00:00:01                           ;
; Total                ; 00:00:14     ; --                      ; --                  ; 00:00:28                           ;
+----------------------+--------------+-------------------------+---------------------+------------------------------------+


+-------------------------------------------------------------------------------------------+
; Flow OS Summary                                                                           ;
+----------------------+---------------------------+----------+------------+----------------+
; Module Name          ; Machine Hostname          ; OS Name  ; OS Version ; Processor type ;
+----------------------+---------------------------+----------+------------+----------------+
; Analysis & Synthesis ; jorozco-HP-ProBook-440-G3 ; KDE neon ; 5          ; x86_64         ;
; Fitter               ; jorozco-HP-ProBook-440-G3 ; KDE neon ; 5          ; x86_64         ;
; Assembler            ; jorozco-HP-ProBook-440-G3 ; KDE neon ; 5          ; x86_64         ;
; Timing Analyzer      ; jorozco-HP-ProBook-440-G3 ; KDE neon ; 5          ; x86_64         ;
; EDA Netlist Writer   ; jorozco-HP-ProBook-440-G3 ; KDE neon ; 5          ; x86_64         ;
+----------------------+---------------------------+----------+------------+----------------+


------------
; Flow Log ;
------------
quartus_map --read_settings_files=on --write_settings_files=off actividad05 -c actividad05
quartus_fit --read_settings_files=off --write_settings_files=off actividad05 -c actividad05
quartus_asm --read_settings_files=off --write_settings_files=off actividad05 -c actividad05
quartus_sta actividad05 -c actividad05
quartus_eda --read_settings_files=off --write_settings_files=off actividad05 -c actividad05



