Flow report for actividad09
Mon Apr  6 11:21:42 2020
Quartus Prime Version 19.1.0 Build 670 09/22/2019 SJ Lite Edition


---------------------
; Table of Contents ;
---------------------
  1. Legal Notice
  2. Flow Summary
  3. Flow Settings
  4. Flow Non-Default Global Settings
  5. Flow Elapsed Time
  6. Flow OS Summary
  7. Flow Log
  8. Flow Messages
  9. Flow Suppressed Messages



----------------
; Legal Notice ;
----------------
Copyright (C) 2019  Intel Corporation. All rights reserved.
Your use of Intel Corporation's design tools, logic functions 
and other software and tools, and any partner logic 
functions, and any output files from any of the foregoing 
(including device programming or simulation files), and any 
associated documentation or information are expressly subject 
to the terms and conditions of the Intel Program License 
Subscription Agreement, the Intel Quartus Prime License Agreement,
the Intel FPGA IP License Agreement, or other applicable license
agreement, including, without limitation, that your use is for
the sole purpose of programming logic devices manufactured by
Intel and sold by Intel or its authorized distributors.  Please
refer to the applicable agreement for further details, at
https://fpgasoftware.intel.com/eula.



+---------------------------------------------------------------------+
; Flow Summary                                                        ;
+-----------------------+---------------------------------------------+
; Flow Status           ; Successful - Mon Apr  6 11:21:42 2020       ;
; Quartus Prime Version ; 19.1.0 Build 670 09/22/2019 SJ Lite Edition ;
; Revision Name         ; actividad09                                 ;
; Top-level Entity Name ; FEDE                                        ;
; Family                ; MAX V                                       ;
; Total logic elements  ; 0 / 570 ( 0 % )                             ;
; Total pins            ; 118 / 159 ( 74 % )                          ;
; Total virtual pins    ; 0                                           ;
; UFM blocks            ; 0 / 1 ( 0 % )                               ;
; Device                ; 5M570ZF256C4                                ;
; Timing Models         ; Final                                       ;
+-----------------------+---------------------------------------------+


+-----------------------------------------+
; Flow Settings                           ;
+-------------------+---------------------+
; Option            ; Setting             ;
+-------------------+---------------------+
; Start date & time ; 04/06/2020 11:20:59 ;
; Main task         ; Compilation         ;
; Revision Name     ; actividad09         ;
+-------------------+---------------------+


+-----------------------------------------------------------------------------------------------------------------------------------------+
; Flow Non-Default Global Settings                                                                                                        ;
+--------------------------------------+--------------------------------+---------------+-------------+-----------------------------------+
; Assignment Name                      ; Value                          ; Default Value ; Entity Name ; Section Id                        ;
+--------------------------------------+--------------------------------+---------------+-------------+-----------------------------------+
; COMPILER_SIGNATURE_ID                ; 26728433180837.158619005903571 ; --            ; --          ; --                                ;
; EDA_DESIGN_INSTANCE_NAME             ; NA                             ; --            ; --          ; FEDE_tb                           ;
; EDA_DESIGN_INSTANCE_NAME             ; NA                             ; --            ; --          ; BFF_tb                            ;
; EDA_DESIGN_INSTANCE_NAME             ; NA                             ; --            ; --          ; RB_tb                             ;
; EDA_DESIGN_INSTANCE_NAME             ; NA                             ; --            ; --          ; fetchCycle_tb                     ;
; EDA_GENERATE_FUNCTIONAL_NETLIST      ; Off                            ; --            ; --          ; eda_board_design_timing           ;
; EDA_GENERATE_FUNCTIONAL_NETLIST      ; Off                            ; --            ; --          ; eda_board_design_boundary_scan    ;
; EDA_GENERATE_FUNCTIONAL_NETLIST      ; Off                            ; --            ; --          ; eda_board_design_signal_integrity ;
; EDA_GENERATE_FUNCTIONAL_NETLIST      ; Off                            ; --            ; --          ; eda_board_design_symbol           ;
; EDA_NATIVELINK_SIMULATION_TEST_BENCH ; FEDE_tb                        ; --            ; --          ; eda_simulation                    ;
; EDA_OUTPUT_DATA_FORMAT               ; Verilog Hdl                    ; --            ; --          ; eda_simulation                    ;
; EDA_SIMULATION_TOOL                  ; ModelSim-Altera (Verilog)      ; <None>        ; --          ; --                                ;
; EDA_TEST_BENCH_ENABLE_STATUS         ; TEST_BENCH_MODE                ; --            ; --          ; eda_simulation                    ;
; EDA_TEST_BENCH_FILE                  ; FEDE_tb.v                      ; --            ; --          ; FEDE_tb                           ;
; EDA_TEST_BENCH_FILE                  ; BFF_tb.v                       ; --            ; --          ; BFF_tb                            ;
; EDA_TEST_BENCH_FILE                  ; RB_tb.v                        ; --            ; --          ; RB_tb                             ;
; EDA_TEST_BENCH_FILE                  ; fetchCycle_tb.v                ; --            ; --          ; fetchCycle_tb                     ;
; EDA_TEST_BENCH_MODULE_NAME           ; FEDE_tb                        ; --            ; --          ; FEDE_tb                           ;
; EDA_TEST_BENCH_MODULE_NAME           ; BFF_tb                         ; --            ; --          ; BFF_tb                            ;
; EDA_TEST_BENCH_MODULE_NAME           ; RB_tb                          ; --            ; --          ; RB_tb                             ;
; EDA_TEST_BENCH_MODULE_NAME           ; fetchCycle_tb                  ; --            ; --          ; fetchCycle_tb                     ;
; EDA_TEST_BENCH_NAME                  ; fetchCycle_tb                  ; --            ; --          ; eda_simulation                    ;
; EDA_TEST_BENCH_NAME                  ; BFF_tb                         ; --            ; --          ; eda_simulation                    ;
; EDA_TEST_BENCH_NAME                  ; RB_tb                          ; --            ; --          ; eda_simulation                    ;
; EDA_TEST_BENCH_NAME                  ; FEDE_tb                        ; --            ; --          ; eda_simulation                    ;
; EDA_TIME_SCALE                       ; 1 ps                           ; --            ; --          ; eda_simulation                    ;
; PROJECT_OUTPUT_DIRECTORY             ; output_files                   ; --            ; --          ; --                                ;
; TOP_LEVEL_ENTITY                     ; FEDE                           ; actividad09   ; --          ; --                                ;
+--------------------------------------+--------------------------------+---------------+-------------+-----------------------------------+


+--------------------------------------------------------------------------------------------------------------------------+
; Flow Elapsed Time                                                                                                        ;
+----------------------+--------------+-------------------------+---------------------+------------------------------------+
; Module Name          ; Elapsed Time ; Average Processors Used ; Peak Virtual Memory ; Total CPU Time (on all processors) ;
+----------------------+--------------+-------------------------+---------------------+------------------------------------+
; Analysis & Synthesis ; 00:00:26     ; 1.0                     ; 902 MB              ; 00:00:36                           ;
; Fitter               ; 00:00:04     ; 1.0                     ; 1088 MB             ; 00:00:03                           ;
; Assembler            ; 00:00:01     ; 1.0                     ; 812 MB              ; 00:00:01                           ;
; Timing Analyzer      ; 00:00:01     ; 1.0                     ; 733 MB              ; 00:00:01                           ;
; EDA Netlist Writer   ; 00:00:02     ; 1.0                     ; 1029 MB             ; 00:00:01                           ;
; Total                ; 00:00:34     ; --                      ; --                  ; 00:00:42                           ;
+----------------------+--------------+-------------------------+---------------------+------------------------------------+


+-------------------------------------------------------------------------------------------+
; Flow OS Summary                                                                           ;
+----------------------+---------------------------+----------+------------+----------------+
; Module Name          ; Machine Hostname          ; OS Name  ; OS Version ; Processor type ;
+----------------------+---------------------------+----------+------------+----------------+
; Analysis & Synthesis ; jorozco-HP-ProBook-440-G3 ; KDE neon ; 5          ; x86_64         ;
; Fitter               ; jorozco-HP-ProBook-440-G3 ; KDE neon ; 5          ; x86_64         ;
; Assembler            ; jorozco-HP-ProBook-440-G3 ; KDE neon ; 5          ; x86_64         ;
; Timing Analyzer      ; jorozco-HP-ProBook-440-G3 ; KDE neon ; 5          ; x86_64         ;
; EDA Netlist Writer   ; jorozco-HP-ProBook-440-G3 ; KDE neon ; 5          ; x86_64         ;
+----------------------+---------------------------+----------+------------+----------------+


------------
; Flow Log ;
------------
quartus_map --read_settings_files=on --write_settings_files=off actividad09 -c actividad09
quartus_fit --read_settings_files=off --write_settings_files=off actividad09 -c actividad09
quartus_asm --read_settings_files=off --write_settings_files=off actividad09 -c actividad09
quartus_sta actividad09 -c actividad09
quartus_eda --read_settings_files=off --write_settings_files=off actividad09 -c actividad09



