Analysis & Synthesis report for actividad06
Sun Mar  1 16:46:31 2020
Quartus Prime Version 19.1.0 Build 670 09/22/2019 SJ Lite Edition


---------------------
; Table of Contents ;
---------------------
  1. Legal Notice
  2. Analysis & Synthesis Summary
  3. Analysis & Synthesis Settings
  4. Parallel Compilation
  5. Analysis & Synthesis Source Files Read
  6. Analysis & Synthesis Resource Usage Summary
  7. Analysis & Synthesis Resource Utilization by Entity
  8. User-Specified and Inferred Latches
  9. General Register Statistics
 10. Analysis & Synthesis Messages



----------------
; Legal Notice ;
----------------
Copyright (C) 2019  Intel Corporation. All rights reserved.
Your use of Intel Corporation's design tools, logic functions 
and other software and tools, and any partner logic 
functions, and any output files from any of the foregoing 
(including device programming or simulation files), and any 
associated documentation or information are expressly subject 
to the terms and conditions of the Intel Program License 
Subscription Agreement, the Intel Quartus Prime License Agreement,
the Intel FPGA IP License Agreement, or other applicable license
agreement, including, without limitation, that your use is for
the sole purpose of programming logic devices manufactured by
Intel and sold by Intel or its authorized distributors.  Please
refer to the applicable agreement for further details, at
https://fpgasoftware.intel.com/eula.



+---------------------------------------------------------------------------+
; Analysis & Synthesis Summary                                              ;
+-----------------------------+---------------------------------------------+
; Analysis & Synthesis Status ; Successful - Sun Mar  1 16:46:31 2020       ;
; Quartus Prime Version       ; 19.1.0 Build 670 09/22/2019 SJ Lite Edition ;
; Revision Name               ; actividad06                                 ;
; Top-level Entity Name       ; memoria                                     ;
; Family                      ; MAX V                                       ;
; Total logic elements        ; 1,860                                       ;
; Total pins                  ; 25                                          ;
; Total virtual pins          ; 0                                           ;
; UFM blocks                  ; 0 / 1 ( 0 % )                               ;
+-----------------------------+---------------------------------------------+


+------------------------------------------------------------------------------------------------------------+
; Analysis & Synthesis Settings                                                                              ;
+------------------------------------------------------------------+--------------------+--------------------+
; Option                                                           ; Setting            ; Default Value      ;
+------------------------------------------------------------------+--------------------+--------------------+
; Top-level entity name                                            ; memoria            ; actividad06        ;
; Family name                                                      ; MAX V              ; Cyclone V          ;
; Use smart compilation                                            ; Off                ; Off                ;
; Enable parallel Assembler and Timing Analyzer during compilation ; On                 ; On                 ;
; Enable compact report table                                      ; Off                ; Off                ;
; Restructure Multiplexers                                         ; Auto               ; Auto               ;
; Create Debugging Nodes for IP Cores                              ; Off                ; Off                ;
; Preserve fewer node names                                        ; On                 ; On                 ;
; Intel FPGA IP Evaluation Mode                                    ; Enable             ; Enable             ;
; Verilog Version                                                  ; Verilog_2001       ; Verilog_2001       ;
; VHDL Version                                                     ; VHDL_1993          ; VHDL_1993          ;
; State Machine Processing                                         ; Auto               ; Auto               ;
; Safe State Machine                                               ; Off                ; Off                ;
; Extract Verilog State Machines                                   ; On                 ; On                 ;
; Extract VHDL State Machines                                      ; On                 ; On                 ;
; Ignore Verilog initial constructs                                ; Off                ; Off                ;
; Iteration limit for constant Verilog loops                       ; 5000               ; 5000               ;
; Iteration limit for non-constant Verilog loops                   ; 250                ; 250                ;
; Add Pass-Through Logic to Inferred RAMs                          ; On                 ; On                 ;
; Infer RAMs from Raw Logic                                        ; On                 ; On                 ;
; Parallel Synthesis                                               ; On                 ; On                 ;
; NOT Gate Push-Back                                               ; On                 ; On                 ;
; Power-Up Don't Care                                              ; On                 ; On                 ;
; Remove Redundant Logic Cells                                     ; Off                ; Off                ;
; Remove Duplicate Registers                                       ; On                 ; On                 ;
; Ignore CARRY Buffers                                             ; Off                ; Off                ;
; Ignore CASCADE Buffers                                           ; Off                ; Off                ;
; Ignore GLOBAL Buffers                                            ; Off                ; Off                ;
; Ignore ROW GLOBAL Buffers                                        ; Off                ; Off                ;
; Ignore LCELL Buffers                                             ; Off                ; Off                ;
; Ignore SOFT Buffers                                              ; On                 ; On                 ;
; Limit AHDL Integers to 32 Bits                                   ; Off                ; Off                ;
; Optimization Technique                                           ; Balanced           ; Balanced           ;
; Carry Chain Length                                               ; 70                 ; 70                 ;
; Auto Carry Chains                                                ; On                 ; On                 ;
; Auto Open-Drain Pins                                             ; On                 ; On                 ;
; Perform WYSIWYG Primitive Resynthesis                            ; Off                ; Off                ;
; Auto Shift Register Replacement                                  ; Auto               ; Auto               ;
; Allow Shift Register Merging across Hierarchies                  ; Auto               ; Auto               ;
; Auto Clock Enable Replacement                                    ; On                 ; On                 ;
; Allow Synchronous Control Signals                                ; On                 ; On                 ;
; Force Use of Synchronous Clear Signals                           ; Off                ; Off                ;
; Auto Resource Sharing                                            ; Off                ; Off                ;
; Use LogicLock Constraints during Resource Balancing              ; On                 ; On                 ;
; Ignore translate_off and synthesis_off directives                ; Off                ; Off                ;
; Report Parameter Settings                                        ; On                 ; On                 ;
; Report Source Assignments                                        ; On                 ; On                 ;
; Report Connectivity Checks                                       ; On                 ; On                 ;
; Ignore Maximum Fan-Out Assignments                               ; Off                ; Off                ;
; Synchronization Register Chain Length                            ; 2                  ; 2                  ;
; Power Optimization During Synthesis                              ; Normal compilation ; Normal compilation ;
; HDL message level                                                ; Level2             ; Level2             ;
; Suppress Register Optimization Related Messages                  ; Off                ; Off                ;
; Number of Removed Registers Reported in Synthesis Report         ; 5000               ; 5000               ;
; Number of Swept Nodes Reported in Synthesis Report               ; 5000               ; 5000               ;
; Number of Inverted Registers Reported in Synthesis Report        ; 100                ; 100                ;
; Clock MUX Protection                                             ; On                 ; On                 ;
; Block Design Naming                                              ; Auto               ; Auto               ;
; Synthesis Effort                                                 ; Auto               ; Auto               ;
; Shift Register Replacement - Allow Asynchronous Clear Signal     ; On                 ; On                 ;
; Analysis & Synthesis Message Level                               ; Medium             ; Medium             ;
; Disable Register Merging Across Hierarchies                      ; Auto               ; Auto               ;
+------------------------------------------------------------------+--------------------+--------------------+


+------------------------------------------+
; Parallel Compilation                     ;
+----------------------------+-------------+
; Processors                 ; Number      ;
+----------------------------+-------------+
; Number detected on machine ; 4           ;
; Maximum allowed            ; 2           ;
;                            ;             ;
; Average used               ; 1.00        ;
; Maximum used               ; 1           ;
;                            ;             ;
; Usage by Processor         ; % Time Used ;
;     Processor 1            ; 100.0%      ;
+----------------------------+-------------+


+-----------------------------------------------------------------------------------------------------------------------------------------------+
; Analysis & Synthesis Source Files Read                                                                                                        ;
+----------------------------------+-----------------+------------------------+-------------------------------------------------------+---------+
; File Name with User-Entered Path ; Used in Netlist ; File Type              ; File Name with Absolute Path                          ; Library ;
+----------------------------------+-----------------+------------------------+-------------------------------------------------------+---------+
; memoria.v                        ; yes             ; User Verilog HDL File  ; /home/jorozco/Documentos/semArq/actividad06/memoria.v ;         ;
+----------------------------------+-----------------+------------------------+-------------------------------------------------------+---------+


+------------------------------------------------------+
; Analysis & Synthesis Resource Usage Summary          ;
+---------------------------------------------+--------+
; Resource                                    ; Usage  ;
+---------------------------------------------+--------+
; Total logic elements                        ; 1860   ;
;     -- Combinational with no register       ; 1860   ;
;     -- Register only                        ; 0      ;
;     -- Combinational with a register        ; 0      ;
;                                             ;        ;
; Logic element usage by number of LUT inputs ;        ;
;     -- 4 input functions                    ; 752    ;
;     -- 3 input functions                    ; 1106   ;
;     -- 2 input functions                    ; 2      ;
;     -- 1 input functions                    ; 0      ;
;     -- 0 input functions                    ; 0      ;
;                                             ;        ;
; Logic elements by mode                      ;        ;
;     -- normal mode                          ; 1860   ;
;     -- arithmetic mode                      ; 0      ;
;     -- qfbk mode                            ; 0      ;
;     -- register cascade mode                ; 0      ;
;     -- synchronous clear/load mode          ; 0      ;
;     -- asynchronous clear/load mode         ; 0      ;
;                                             ;        ;
; Total registers                             ; 0      ;
; I/O pins                                    ; 25     ;
; Maximum fan-out node                        ; dir[2] ;
; Maximum fan-out                             ; 256    ;
; Total fan-out                               ; 6338   ;
; Average fan-out                             ; 3.36   ;
+---------------------------------------------+--------+


+------------------------------------------------------------------------------------------------------------------------------------------------------------------------------------------------------------------------------------+
; Analysis & Synthesis Resource Utilization by Entity                                                                                                                                                                                ;
+----------------------------+-------------+--------------+------------+------+--------------+--------------+-------------------+------------------+-----------------+------------+---------------------+-------------+--------------+
; Compilation Hierarchy Node ; Logic Cells ; LC Registers ; UFM Blocks ; Pins ; Virtual Pins ; LUT-Only LCs ; Register-Only LCs ; LUT/Register LCs ; Carry Chain LCs ; Packed LCs ; Full Hierarchy Name ; Entity Name ; Library Name ;
+----------------------------+-------------+--------------+------------+------+--------------+--------------+-------------------+------------------+-----------------+------------+---------------------+-------------+--------------+
; |memoria                   ; 1860 (1860) ; 0            ; 0          ; 25   ; 0            ; 1860 (1860)  ; 0 (0)             ; 0 (0)            ; 0 (0)           ; 0 (0)      ; |memoria            ; memoria     ; work         ;
+----------------------------+-------------+--------------+------------+------+--------------+--------------+-------------------+------------------+-----------------+------------+---------------------+-------------+--------------+
Note: For table entries with two numbers listed, the numbers in parentheses indicate the number of resources of the given type used by the specific entity alone. The numbers listed outside of parentheses indicate the total resources of the given type used by the specific entity and all of its sub-entities in the hierarchy.


+------------------------------------------------------------------------------------------------------+
; User-Specified and Inferred Latches                                                                  ;
+-------------------------------------------------------+---------------------+------------------------+
; Latch Name                                            ; Latch Enable Signal ; Free of Timing Hazards ;
+-------------------------------------------------------+---------------------+------------------------+
; datoSalida[0]$latch                                   ; en                  ; yes                    ;
; datoSalida[1]$latch                                   ; en                  ; yes                    ;
; datoSalida[2]$latch                                   ; en                  ; yes                    ;
; datoSalida[3]$latch                                   ; en                  ; yes                    ;
; datoSalida[4]$latch                                   ; en                  ; yes                    ;
; datoSalida[5]$latch                                   ; en                  ; yes                    ;
; datoSalida[6]$latch                                   ; en                  ; yes                    ;
; datoSalida[7]$latch                                   ; en                  ; yes                    ;
; dato~304                                              ; rtl~0               ; yes                    ;
; dato~296                                              ; rtl~1               ; yes                    ;
; dato~288                                              ; rtl~2               ; yes                    ;
; dato~312                                              ; rtl~3               ; yes                    ;
; dato~328                                              ; rtl~4               ; yes                    ;
; dato~336                                              ; rtl~5               ; yes                    ;
; dato~320                                              ; rtl~6               ; yes                    ;
; dato~344                                              ; rtl~7               ; yes                    ;
; dato~264                                              ; rtl~8               ; yes                    ;
; dato~272                                              ; rtl~9               ; yes                    ;
; dato~256                                              ; rtl~10              ; yes                    ;
; dato~280                                              ; rtl~11              ; yes                    ;
; dato~368                                              ; rtl~12              ; yes                    ;
; dato~360                                              ; rtl~13              ; yes                    ;
; dato~352                                              ; rtl~14              ; yes                    ;
; dato~376                                              ; rtl~15              ; yes                    ;
; dato~176                                              ; rtl~16              ; yes                    ;
; dato~208                                              ; rtl~17              ; yes                    ;
; dato~144                                              ; rtl~18              ; yes                    ;
; dato~240                                              ; rtl~19              ; yes                    ;
; dato~200                                              ; rtl~20              ; yes                    ;
; dato~168                                              ; rtl~21              ; yes                    ;
; dato~136                                              ; rtl~22              ; yes                    ;
; dato~232                                              ; rtl~23              ; yes                    ;
; dato~160                                              ; rtl~24              ; yes                    ;
; dato~192                                              ; rtl~25              ; yes                    ;
; dato~128                                              ; rtl~26              ; yes                    ;
; dato~224                                              ; rtl~27              ; yes                    ;
; dato~216                                              ; rtl~28              ; yes                    ;
; dato~184                                              ; rtl~29              ; yes                    ;
; dato~152                                              ; rtl~30              ; yes                    ;
; dato~248                                              ; rtl~31              ; yes                    ;
; dato~80                                               ; rtl~32              ; yes                    ;
; dato~72                                               ; rtl~33              ; yes                    ;
; dato~64                                               ; rtl~34              ; yes                    ;
; dato~88                                               ; rtl~35              ; yes                    ;
; dato~40                                               ; rtl~36              ; yes                    ;
; dato~48                                               ; rtl~37              ; yes                    ;
; dato~32                                               ; rtl~38              ; yes                    ;
; dato~56                                               ; rtl~39              ; yes                    ;
; dato~16                                               ; rtl~40              ; yes                    ;
; dato~8                                                ; rtl~41              ; yes                    ;
; dato~0                                                ; rtl~42              ; yes                    ;
; dato~24                                               ; rtl~43              ; yes                    ;
; dato~104                                              ; rtl~44              ; yes                    ;
; dato~112                                              ; rtl~45              ; yes                    ;
; dato~96                                               ; rtl~46              ; yes                    ;
; dato~120                                              ; rtl~47              ; yes                    ;
; dato~424                                              ; rtl~48              ; yes                    ;
; dato~456                                              ; rtl~49              ; yes                    ;
; dato~392                                              ; rtl~50              ; yes                    ;
; dato~488                                              ; rtl~51              ; yes                    ;
; dato~464                                              ; rtl~52              ; yes                    ;
; dato~432                                              ; rtl~53              ; yes                    ;
; dato~400                                              ; rtl~54              ; yes                    ;
; dato~496                                              ; rtl~55              ; yes                    ;
; dato~448                                              ; rtl~56              ; yes                    ;
; dato~416                                              ; rtl~57              ; yes                    ;
; dato~384                                              ; rtl~58              ; yes                    ;
; dato~480                                              ; rtl~59              ; yes                    ;
; dato~440                                              ; rtl~60              ; yes                    ;
; dato~472                                              ; rtl~61              ; yes                    ;
; dato~408                                              ; rtl~62              ; yes                    ;
; dato~504                                              ; rtl~63              ; yes                    ;
; dato~688                                              ; rtl~64              ; yes                    ;
; dato~720                                              ; rtl~65              ; yes                    ;
; dato~656                                              ; rtl~66              ; yes                    ;
; dato~752                                              ; rtl~67              ; yes                    ;
; dato~712                                              ; rtl~68              ; yes                    ;
; dato~680                                              ; rtl~69              ; yes                    ;
; dato~648                                              ; rtl~70              ; yes                    ;
; dato~744                                              ; rtl~71              ; yes                    ;
; dato~672                                              ; rtl~72              ; yes                    ;
; dato~704                                              ; rtl~73              ; yes                    ;
; dato~640                                              ; rtl~74              ; yes                    ;
; dato~736                                              ; rtl~75              ; yes                    ;
; dato~728                                              ; rtl~76              ; yes                    ;
; dato~696                                              ; rtl~77              ; yes                    ;
; dato~664                                              ; rtl~78              ; yes                    ;
; dato~760                                              ; rtl~79              ; yes                    ;
; dato~816                                              ; rtl~80              ; yes                    ;
; dato~808                                              ; rtl~81              ; yes                    ;
; dato~800                                              ; rtl~82              ; yes                    ;
; dato~824                                              ; rtl~83              ; yes                    ;
; dato~840                                              ; rtl~84              ; yes                    ;
; dato~848                                              ; rtl~85              ; yes                    ;
; dato~832                                              ; rtl~86              ; yes                    ;
; dato~856                                              ; rtl~87              ; yes                    ;
; dato~776                                              ; rtl~88              ; yes                    ;
; dato~784                                              ; rtl~89              ; yes                    ;
; dato~768                                              ; rtl~90              ; yes                    ;
; dato~792                                              ; rtl~91              ; yes                    ;
; Number of user-specified and inferred latches = 1032  ;                     ;                        ;
+-------------------------------------------------------+---------------------+------------------------+
Table restricted to first 100 entries. Note: All latches listed above may not be present at the end of synthesis due to various synthesis optimizations.


+------------------------------------------------------+
; General Register Statistics                          ;
+----------------------------------------------+-------+
; Statistic                                    ; Value ;
+----------------------------------------------+-------+
; Total registers                              ; 0     ;
; Number of registers using Synchronous Clear  ; 0     ;
; Number of registers using Synchronous Load   ; 0     ;
; Number of registers using Asynchronous Clear ; 0     ;
; Number of registers using Asynchronous Load  ; 0     ;
; Number of registers using Clock Enable       ; 0     ;
; Number of registers using Preset             ; 0     ;
+----------------------------------------------+-------+


+-------------------------------+
; Analysis & Synthesis Messages ;
+-------------------------------+
Info: *******************************************************************
Info: Running Quartus Prime Analysis & Synthesis
    Info: Version 19.1.0 Build 670 09/22/2019 SJ Lite Edition
    Info: Processing started: Sun Mar  1 16:46:14 2020
Info: Command: quartus_map --read_settings_files=on --write_settings_files=off actividad06 -c actividad06
Warning (18236): Number of processors has not been specified which may cause overloading on shared machines.  Set the global assignment NUM_PARALLEL_PROCESSORS in your QSF to an appropriate value for best performance.
Info (20030): Parallel compilation is enabled and will use 2 of the 2 processors detected
Warning (12019): Can't analyze file -- file ../actividad05/ALU.v is missing
Info (12021): Found 1 design units, including 1 entities, in source file ALU_tb.v
    Info (12023): Found entity 1: ALU_tb File: /home/jorozco/Documentos/semArq/actividad06/ALU_tb.v Line: 3
Info (12021): Found 1 design units, including 1 entities, in source file memoria.v
    Info (12023): Found entity 1: memoria File: /home/jorozco/Documentos/semArq/actividad06/memoria.v Line: 1
Info (12021): Found 1 design units, including 1 entities, in source file memoria_tb.v
    Info (12023): Found entity 1: memoria_tb File: /home/jorozco/Documentos/semArq/actividad06/memoria_tb.v Line: 3
Info (12127): Elaborating entity "memoria" for the top level hierarchy
Warning (10240): Verilog HDL Always Construct warning at memoria.v(12): inferring latch(es) for variable "datoSalida", which holds its previous value in one or more paths through the always construct File: /home/jorozco/Documentos/semArq/actividad06/memoria.v Line: 12
Info (10041): Inferred latch for "datoSalida[0]" at memoria.v(18) File: /home/jorozco/Documentos/semArq/actividad06/memoria.v Line: 18
Info (10041): Inferred latch for "datoSalida[1]" at memoria.v(18) File: /home/jorozco/Documentos/semArq/actividad06/memoria.v Line: 18
Info (10041): Inferred latch for "datoSalida[2]" at memoria.v(18) File: /home/jorozco/Documentos/semArq/actividad06/memoria.v Line: 18
Info (10041): Inferred latch for "datoSalida[3]" at memoria.v(18) File: /home/jorozco/Documentos/semArq/actividad06/memoria.v Line: 18
Info (10041): Inferred latch for "datoSalida[4]" at memoria.v(18) File: /home/jorozco/Documentos/semArq/actividad06/memoria.v Line: 18
Info (10041): Inferred latch for "datoSalida[5]" at memoria.v(18) File: /home/jorozco/Documentos/semArq/actividad06/memoria.v Line: 18
Info (10041): Inferred latch for "datoSalida[6]" at memoria.v(18) File: /home/jorozco/Documentos/semArq/actividad06/memoria.v Line: 18
Info (10041): Inferred latch for "datoSalida[7]" at memoria.v(18) File: /home/jorozco/Documentos/semArq/actividad06/memoria.v Line: 18
Warning (21074): Design contains 1 input pin(s) that do not drive logic
    Warning (15610): No output dependent on input pin "clk" File: /home/jorozco/Documentos/semArq/actividad06/memoria.v Line: 4
Info (21057): Implemented 1885 device resources after synthesis - the final resource count might be different
    Info (21058): Implemented 17 input pins
    Info (21059): Implemented 8 output pins
    Info (21061): Implemented 1860 logic cells
Info: Quartus Prime Analysis & Synthesis was successful. 0 errors, 5 warnings
    Info: Peak virtual memory: 905 megabytes
    Info: Processing ended: Sun Mar  1 16:46:31 2020
    Info: Elapsed time: 00:00:17
    Info: Total CPU time (on all processors): 00:00:36


